
*** Running vivado
    with args -log ClkGen.vds -m64 -product Vivado -mode batch -messageDb vivado.pb -notrace -source ClkGen.tcl


****** Vivado v2017.2 (64-bit)
  **** SW Build 1909853 on Thu Jun 15 18:39:09 MDT 2017
  **** IP Build 1909766 on Thu Jun 15 19:58:00 MDT 2017
    ** Copyright 1986-2017 Xilinx, Inc. All Rights Reserved.

source ClkGen.tcl -notrace
Starting RTL Elaboration : Time (s): cpu = 00:00:06 ; elapsed = 00:00:06 . Memory (MB): peak = 341.512 ; gain = 75.660
INFO: [Synth 8-638] synthesizing module 'ClkGen' [e:/VGA/Week12Demo/Week12Demo.srcs/sources_1/ip/ClkGen/ClkGen.v:71]
INFO: [Synth 8-638] synthesizing module 'ClkGen_clk_wiz' [e:/VGA/Week12Demo/Week12Demo.srcs/sources_1/ip/ClkGen/ClkGen_clk_wiz.v:69]
INFO: [Synth 8-638] synthesizing module 'IBUF' [C:/Xilinx/Vivado/2017.2/scripts/rt/data/unisim_comp.v:14470]
INFO: [Synth 8-256] done synthesizing module 'IBUF' (1#1) [C:/Xilinx/Vivado/2017.2/scripts/rt/data/unisim_comp.v:14470]
INFO: [Synth 8-638] synthesizing module 'MMCME2_ADV' [C:/Xilinx/Vivado/2017.2/scripts/rt/data/unisim_comp.v:20759]
INFO: [Synth 8-256] done synthesizing module 'MMCME2_ADV' (2#1) [C:/Xilinx/Vivado/2017.2/scripts/rt/data/unisim_comp.v:20759]
INFO: [Synth 8-638] synthesizing module 'BUFG' [C:/Xilinx/Vivado/2017.2/scripts/rt/data/unisim_comp.v:607]
INFO: [Synth 8-256] done synthesizing module 'BUFG' (3#1) [C:/Xilinx/Vivado/2017.2/scripts/rt/data/unisim_comp.v:607]
INFO: [Synth 8-256] done synthesizing module 'ClkGen_clk_wiz' (4#1) [e:/VGA/Week12Demo/Week12Demo.srcs/sources_1/ip/ClkGen/ClkGen_clk_wiz.v:69]
INFO: [Synth 8-256] done synthesizing module 'ClkGen' (5#1) [e:/VGA/Week12Demo/Week12Demo.srcs/sources_1/ip/ClkGen/ClkGen.v:71]
Finished RTL Elaboration : Time (s): cpu = 00:00:07 ; elapsed = 00:00:11 . Memory (MB): peak = 380.898 ; gain = 115.047
Finished RTL Optimization Phase 1 : Time (s): cpu = 00:00:07 ; elapsed = 00:00:11 . Memory (MB): peak = 380.898 ; gain = 115.047
INFO: [Device 21-403] Loading part xc7a100tcsg324-1
Constraint Validation Runtime : Time (s): cpu = 00:00:00 ; elapsed = 00:00:01 . Memory (MB): peak = 605.395 ; gain = 0.000
Finished Constraint Validation : Time (s): cpu = 00:00:21 ; elapsed = 00:00:35 . Memory (MB): peak = 605.395 ; gain = 339.543
Finished Loading Part and Timing Information : Time (s): cpu = 00:00:21 ; elapsed = 00:00:36 . Memory (MB): peak = 605.395 ; gain = 339.543
Finished applying 'set_property' XDC Constraints : Time (s): cpu = 00:00:21 ; elapsed = 00:00:36 . Memory (MB): peak = 605.395 ; gain = 339.543
Finished RTL Optimization Phase 2 : Time (s): cpu = 00:00:21 ; elapsed = 00:00:36 . Memory (MB): peak = 605.395 ; gain = 339.543
Finished Cross Boundary and Area Optimization : Time (s): cpu = 00:00:22 ; elapsed = 00:00:37 . Memory (MB): peak = 605.395 ; gain = 339.543
Finished Applying XDC Timing Constraints : Time (s): cpu = 00:00:37 ; elapsed = 00:00:54 . Memory (MB): peak = 626.578 ; gain = 360.727
Finished Timing Optimization : Time (s): cpu = 00:00:37 ; elapsed = 00:00:54 . Memory (MB): peak = 626.578 ; gain = 360.727
Finished Technology Mapping : Time (s): cpu = 00:00:37 ; elapsed = 00:00:54 . Memory (MB): peak = 636.715 ; gain = 370.863
Finished IO Insertion : Time (s): cpu = 00:00:38 ; elapsed = 00:00:55 . Memory (MB): peak = 636.715 ; gain = 370.863
Finished Renaming Generated Instances : Time (s): cpu = 00:00:38 ; elapsed = 00:00:55 . Memory (MB): peak = 636.715 ; gain = 370.863
Finished Rebuilding User Hierarchy : Time (s): cpu = 00:00:38 ; elapsed = 00:00:55 . Memory (MB): peak = 636.715 ; gain = 370.863
Finished Renaming Generated Ports : Time (s): cpu = 00:00:38 ; elapsed = 00:00:55 . Memory (MB): peak = 636.715 ; gain = 370.863
Finished Handling Custom Attributes : Time (s): cpu = 00:00:38 ; elapsed = 00:00:55 . Memory (MB): peak = 636.715 ; gain = 370.863
Finished Renaming Generated Nets : Time (s): cpu = 00:00:38 ; elapsed = 00:00:55 . Memory (MB): peak = 636.715 ; gain = 370.863

Report Cell Usage: 
+------+-----------+------+
|      |Cell       |Count |
+------+-----------+------+
|1     |BUFG       |     2|
|2     |MMCME2_ADV |     1|
|3     |IBUF       |     1|
+------+-----------+------+
Finished Writing Synthesis Report : Time (s): cpu = 00:00:38 ; elapsed = 00:00:55 . Memory (MB): peak = 636.715 ; gain = 370.863
synth_design: Time (s): cpu = 00:00:40 ; elapsed = 00:01:01 . Memory (MB): peak = 646.176 ; gain = 381.949
write_checkpoint: Time (s): cpu = 00:00:00 ; elapsed = 00:00:05 . Memory (MB): peak = 646.176 ; gain = 0.000
