
*** Running vivado
    with args -log PxlClkGen.vds -m64 -product Vivado -mode batch -messageDb vivado.pb -notrace -source PxlClkGen.tcl


****** Vivado v2017.2 (64-bit)
  **** SW Build 1909853 on Thu Jun 15 18:39:09 MDT 2017
  **** IP Build 1909766 on Thu Jun 15 19:58:00 MDT 2017
    ** Copyright 1986-2017 Xilinx, Inc. All Rights Reserved.

source PxlClkGen.tcl -notrace
Starting RTL Elaboration : Time (s): cpu = 00:00:06 ; elapsed = 00:00:08 . Memory (MB): peak = 340.934 ; gain = 75.609
INFO: [Synth 8-638] synthesizing module 'PxlClkGen' [p:/Private/Documents/CMPEN 371/Week12Demo/Week12Demo.srcs/sources_1/ip/PxlClkGen/PxlClkGen.v:70]
INFO: [Synth 8-638] synthesizing module 'PxlClkGen_clk_wiz' [p:/Private/Documents/CMPEN 371/Week12Demo/Week12Demo.srcs/sources_1/ip/PxlClkGen/PxlClkGen_clk_wiz.v:68]
INFO: [Synth 8-638] synthesizing module 'MMCME2_ADV' [C:/Xilinx/Vivado/2017.2/scripts/rt/data/unisim_comp.v:20759]
INFO: [Synth 8-256] done synthesizing module 'MMCME2_ADV' (1#1) [C:/Xilinx/Vivado/2017.2/scripts/rt/data/unisim_comp.v:20759]
INFO: [Synth 8-638] synthesizing module 'BUFG' [C:/Xilinx/Vivado/2017.2/scripts/rt/data/unisim_comp.v:607]
INFO: [Synth 8-256] done synthesizing module 'BUFG' (2#1) [C:/Xilinx/Vivado/2017.2/scripts/rt/data/unisim_comp.v:607]
INFO: [Synth 8-256] done synthesizing module 'PxlClkGen_clk_wiz' (3#1) [p:/Private/Documents/CMPEN 371/Week12Demo/Week12Demo.srcs/sources_1/ip/PxlClkGen/PxlClkGen_clk_wiz.v:68]
INFO: [Synth 8-256] done synthesizing module 'PxlClkGen' (4#1) [p:/Private/Documents/CMPEN 371/Week12Demo/Week12Demo.srcs/sources_1/ip/PxlClkGen/PxlClkGen.v:70]
Finished RTL Elaboration : Time (s): cpu = 00:00:07 ; elapsed = 00:00:09 . Memory (MB): peak = 381.445 ; gain = 116.121
Finished RTL Optimization Phase 1 : Time (s): cpu = 00:00:07 ; elapsed = 00:00:10 . Memory (MB): peak = 381.445 ; gain = 116.121
INFO: [Device 21-403] Loading part xc7a100tcsg324-1
Constraint Validation Runtime : Time (s): cpu = 00:00:00 ; elapsed = 00:00:00.036 . Memory (MB): peak = 604.004 ; gain = 0.000
Finished Constraint Validation : Time (s): cpu = 00:00:21 ; elapsed = 00:00:27 . Memory (MB): peak = 604.004 ; gain = 338.680
Finished Loading Part and Timing Information : Time (s): cpu = 00:00:21 ; elapsed = 00:00:27 . Memory (MB): peak = 604.004 ; gain = 338.680
Finished applying 'set_property' XDC Constraints : Time (s): cpu = 00:00:22 ; elapsed = 00:00:27 . Memory (MB): peak = 604.004 ; gain = 338.680
Finished RTL Optimization Phase 2 : Time (s): cpu = 00:00:22 ; elapsed = 00:00:27 . Memory (MB): peak = 604.004 ; gain = 338.680
Finished Cross Boundary and Area Optimization : Time (s): cpu = 00:00:22 ; elapsed = 00:00:28 . Memory (MB): peak = 604.004 ; gain = 338.680
Finished Applying XDC Timing Constraints : Time (s): cpu = 00:00:36 ; elapsed = 00:00:42 . Memory (MB): peak = 626.430 ; gain = 361.105
Finished Timing Optimization : Time (s): cpu = 00:00:36 ; elapsed = 00:00:42 . Memory (MB): peak = 626.430 ; gain = 361.105
Finished Technology Mapping : Time (s): cpu = 00:00:36 ; elapsed = 00:00:42 . Memory (MB): peak = 637.574 ; gain = 372.250
Finished IO Insertion : Time (s): cpu = 00:00:37 ; elapsed = 00:00:43 . Memory (MB): peak = 637.574 ; gain = 372.250
Finished Renaming Generated Instances : Time (s): cpu = 00:00:37 ; elapsed = 00:00:43 . Memory (MB): peak = 637.574 ; gain = 372.250
Finished Rebuilding User Hierarchy : Time (s): cpu = 00:00:37 ; elapsed = 00:00:43 . Memory (MB): peak = 637.574 ; gain = 372.250
Finished Renaming Generated Ports : Time (s): cpu = 00:00:37 ; elapsed = 00:00:43 . Memory (MB): peak = 637.574 ; gain = 372.250
Finished Handling Custom Attributes : Time (s): cpu = 00:00:37 ; elapsed = 00:00:43 . Memory (MB): peak = 637.574 ; gain = 372.250
Finished Renaming Generated Nets : Time (s): cpu = 00:00:37 ; elapsed = 00:00:43 . Memory (MB): peak = 637.574 ; gain = 372.250

Report Cell Usage: 
+------+-----------+------+
|      |Cell       |Count |
+------+-----------+------+
|1     |BUFG       |     2|
|2     |MMCME2_ADV |     1|
+------+-----------+------+
Finished Writing Synthesis Report : Time (s): cpu = 00:00:37 ; elapsed = 00:00:43 . Memory (MB): peak = 637.574 ; gain = 372.250
synth_design: Time (s): cpu = 00:00:38 ; elapsed = 00:00:45 . Memory (MB): peak = 650.094 ; gain = 386.395
