
*** Running vivado
    with args -log ClkGen.vds -m64 -product Vivado -mode batch -messageDb vivado.pb -notrace -source ClkGen.tcl


****** Vivado v2017.2 (64-bit)
  **** SW Build 1909853 on Thu Jun 15 18:39:09 MDT 2017
  **** IP Build 1909766 on Thu Jun 15 19:58:00 MDT 2017
    ** Copyright 1986-2017 Xilinx, Inc. All Rights Reserved.

source ClkGen.tcl -notrace
Starting RTL Elaboration : Time (s): cpu = 00:00:05 ; elapsed = 00:00:06 . Memory (MB): peak = 341.043 ; gain = 75.609
INFO: [Synth 8-638] synthesizing module 'ClkGen' [p:/Private/Documents/CMPEN 371/Week12Demo/Week12Demo.srcs/sources_1/ip/ClkGen/ClkGen.v:71]
INFO: [Synth 8-638] synthesizing module 'ClkGen_clk_wiz' [p:/Private/Documents/CMPEN 371/Week12Demo/Week12Demo.srcs/sources_1/ip/ClkGen/ClkGen_clk_wiz.v:69]
INFO: [Synth 8-638] synthesizing module 'IBUF' [C:/Xilinx/Vivado/2017.2/scripts/rt/data/unisim_comp.v:14470]
INFO: [Synth 8-256] done synthesizing module 'IBUF' (1#1) [C:/Xilinx/Vivado/2017.2/scripts/rt/data/unisim_comp.v:14470]
INFO: [Synth 8-638] synthesizing module 'MMCME2_ADV' [C:/Xilinx/Vivado/2017.2/scripts/rt/data/unisim_comp.v:20759]
INFO: [Synth 8-256] done synthesizing module 'MMCME2_ADV' (2#1) [C:/Xilinx/Vivado/2017.2/scripts/rt/data/unisim_comp.v:20759]
INFO: [Synth 8-638] synthesizing module 'BUFG' [C:/Xilinx/Vivado/2017.2/scripts/rt/data/unisim_comp.v:607]
INFO: [Synth 8-256] done synthesizing module 'BUFG' (3#1) [C:/Xilinx/Vivado/2017.2/scripts/rt/data/unisim_comp.v:607]
INFO: [Synth 8-256] done synthesizing module 'ClkGen_clk_wiz' (4#1) [p:/Private/Documents/CMPEN 371/Week12Demo/Week12Demo.srcs/sources_1/ip/ClkGen/ClkGen_clk_wiz.v:69]
INFO: [Synth 8-256] done synthesizing module 'ClkGen' (5#1) [p:/Private/Documents/CMPEN 371/Week12Demo/Week12Demo.srcs/sources_1/ip/ClkGen/ClkGen.v:71]
Finished RTL Elaboration : Time (s): cpu = 00:00:06 ; elapsed = 00:00:08 . Memory (MB): peak = 380.742 ; gain = 115.309
Finished RTL Optimization Phase 1 : Time (s): cpu = 00:00:06 ; elapsed = 00:00:08 . Memory (MB): peak = 380.742 ; gain = 115.309
INFO: [Device 21-403] Loading part xc7a100tcsg324-1
Constraint Validation Runtime : Time (s): cpu = 00:00:00 ; elapsed = 00:00:00.034 . Memory (MB): peak = 604.805 ; gain = 0.000
Finished Constraint Validation : Time (s): cpu = 00:00:21 ; elapsed = 00:00:26 . Memory (MB): peak = 604.805 ; gain = 339.371
Finished Loading Part and Timing Information : Time (s): cpu = 00:00:21 ; elapsed = 00:00:26 . Memory (MB): peak = 604.805 ; gain = 339.371
Finished applying 'set_property' XDC Constraints : Time (s): cpu = 00:00:21 ; elapsed = 00:00:26 . Memory (MB): peak = 604.805 ; gain = 339.371
Finished RTL Optimization Phase 2 : Time (s): cpu = 00:00:21 ; elapsed = 00:00:27 . Memory (MB): peak = 604.805 ; gain = 339.371
Finished Cross Boundary and Area Optimization : Time (s): cpu = 00:00:21 ; elapsed = 00:00:27 . Memory (MB): peak = 604.805 ; gain = 339.371
Finished Applying XDC Timing Constraints : Time (s): cpu = 00:00:36 ; elapsed = 00:00:46 . Memory (MB): peak = 625.727 ; gain = 360.293
Finished Timing Optimization : Time (s): cpu = 00:00:36 ; elapsed = 00:00:46 . Memory (MB): peak = 627.730 ; gain = 362.297
Finished Technology Mapping : Time (s): cpu = 00:00:36 ; elapsed = 00:00:46 . Memory (MB): peak = 636.871 ; gain = 371.438
Finished IO Insertion : Time (s): cpu = 00:00:37 ; elapsed = 00:00:47 . Memory (MB): peak = 636.871 ; gain = 371.438
Finished Renaming Generated Instances : Time (s): cpu = 00:00:37 ; elapsed = 00:00:47 . Memory (MB): peak = 636.871 ; gain = 371.438
Finished Rebuilding User Hierarchy : Time (s): cpu = 00:00:37 ; elapsed = 00:00:47 . Memory (MB): peak = 636.871 ; gain = 371.438
Finished Renaming Generated Ports : Time (s): cpu = 00:00:37 ; elapsed = 00:00:47 . Memory (MB): peak = 636.871 ; gain = 371.438
Finished Handling Custom Attributes : Time (s): cpu = 00:00:37 ; elapsed = 00:00:47 . Memory (MB): peak = 636.871 ; gain = 371.438
Finished Renaming Generated Nets : Time (s): cpu = 00:00:37 ; elapsed = 00:00:47 . Memory (MB): peak = 636.871 ; gain = 371.438

Report Cell Usage: 
+------+-----------+------+
|      |Cell       |Count |
+------+-----------+------+
|1     |BUFG       |     3|
|2     |MMCME2_ADV |     1|
|3     |IBUF       |     1|
+------+-----------+------+
Finished Writing Synthesis Report : Time (s): cpu = 00:00:37 ; elapsed = 00:00:47 . Memory (MB): peak = 636.871 ; gain = 371.438
synth_design: Time (s): cpu = 00:00:39 ; elapsed = 00:00:50 . Memory (MB): peak = 650.395 ; gain = 386.586
